<?xml version="1.0" encoding="UTF-8"?>
<!-- Generated by org.testng.reporters.JUnitReportReporter -->
<testsuite skipped="0" hostname="syantrap" name="com.training.regression.tests.LoginDBTest" tests="2" failures="0" timestamp="25 Jun 2019 05:27:43 GMT" time="20.501" errors="0">
  <testcase name="loginDBTest" time="10.259" classname="com.training.regression.tests.LoginDBTest"/>
  <testcase name="loginDBTest" time="10.242" classname="com.training.regression.tests.LoginDBTest"/>
</testsuite> <!-- com.training.regression.tests.LoginDBTest -->
