<?xml version="1.0" encoding="UTF-8"?>
<!-- Generated by org.testng.reporters.JUnitReportReporter -->
<testsuite skipped="0" hostname="syantrap" name="com.training.sanity.tests.InvalidCredentials" tests="1" failures="0" timestamp="25 Jun 2019 03:46:04 GMT" time="8.935" errors="0">
  <testcase name="ValidLoginFunTest" time="8.935" classname="com.training.sanity.tests.InvalidCredentials"/>
</testsuite> <!-- com.training.sanity.tests.InvalidCredentials -->
