<?xml version="1.0" encoding="UTF-8"?>
<!-- Generated by org.testng.reporters.JUnitReportReporter -->
<testsuite skipped="0" hostname="syantrap" name="com.training.sanity.tests.GuestUserOrder" tests="1" failures="0" timestamp="25 Jun 2019 04:22:40 GMT" time="70.753" errors="0">
  <testcase name="GuestUserTest" time="70.753" classname="com.training.sanity.tests.GuestUserOrder"/>
</testsuite> <!-- com.training.sanity.tests.GuestUserOrder -->
