<?xml version="1.0" encoding="UTF-8"?>
<!-- Generated by org.testng.reporters.JUnitReportReporter -->
<testsuite skipped="0" hostname="syantrap" name="com.training.sanity.tests.CheckOut" tests="1" failures="0" timestamp="25 Jun 2019 03:47:46 GMT" time="16.489" errors="0">
  <testcase name="CheckOutProductTest" time="16.489" classname="com.training.sanity.tests.CheckOut"/>
</testsuite> <!-- com.training.sanity.tests.CheckOut -->
