<?xml version="1.0" encoding="UTF-8"?>
<!-- Generated by org.testng.reporters.JUnitReportReporter -->
<testsuite skipped="0" hostname="syantrap" name="com.training.regression.tests.InvalidRegExcelTest" tests="3" failures="0" timestamp="06 Jul 2019 09:55:34 GMT" time="98.779" errors="0">
  <testcase name="InvalidRegTest" time="34.057" classname="com.training.regression.tests.InvalidRegExcelTest"/>
  <testcase name="InvalidRegTest" time="32.260" classname="com.training.regression.tests.InvalidRegExcelTest"/>
  <testcase name="InvalidRegTest" time="32.462" classname="com.training.regression.tests.InvalidRegExcelTest"/>
</testsuite> <!-- com.training.regression.tests.InvalidRegExcelTest -->
