<?xml version="1.0" encoding="UTF-8"?>
<!-- Generated by org.testng.reporters.JUnitReportReporter -->
<testsuite skipped="0" hostname="syantrap" name="com.training.sanity.tests.UFMRegTest" tests="2" failures="0" timestamp="21 Jun 2019 13:58:16 GMT" time="33.886" errors="0">
  <testcase name="validRegFunTest" time="27.740" classname="com.training.sanity.tests.UFMRegTest"/>
  <testcase name="ValidLoginFunTest" time="6.146" classname="com.training.sanity.tests.UFMRegTest"/>
</testsuite> <!-- com.training.sanity.tests.UFMRegTest -->
