<?xml version="1.0" encoding="UTF-8"?>
<!-- Generated by org.testng.reporters.JUnitReportReporter -->
<testsuite skipped="0" hostname="syantrap" name="com.training.sanity.tests.OrderPlace" tests="1" failures="0" timestamp="25 Jun 2019 03:59:08 GMT" time="27.312" errors="0">
  <testcase name="OrderPlaceTest" time="27.312" classname="com.training.sanity.tests.OrderPlace"/>
</testsuite> <!-- com.training.sanity.tests.OrderPlace -->
