<?xml version="1.0" encoding="UTF-8"?>
<!-- Generated by org.testng.reporters.JUnitReportReporter -->
<testsuite skipped="0" hostname="syantrap" name="com.training.regression.tests.RegMultipleUserExcelTest" tests="2" failures="0" timestamp="27 Jun 2019 06:07:01 GMT" time="87.674" errors="0">
  <testcase name="MultipleUserRegTest" time="34.936" classname="com.training.regression.tests.RegMultipleUserExcelTest"/>
  <testcase name="MultipleUserRegTest" time="52.738" classname="com.training.regression.tests.RegMultipleUserExcelTest"/>
</testsuite> <!-- com.training.regression.tests.RegMultipleUserExcelTest -->
